# JRE version: OpenJDK Runtime Environment (11.0.8+10) (build 11.0.8+10-post-Ubuntu-0ubuntu118.04.1)
# Java VM: OpenJDK 64-Bit Server VM (11.0.8+10-post-Ubuntu-0ubuntu118.04.1, mixed mode, sharing, tiered, compressed oops, serial gc, linux-amd64)
Heap:
 def new generation   total 2432K, used 1667K [0x00000000f8000000, 0x00000000f82a0000, 0x00000000faaa0000)
  eden space 2176K,  64% used [0x00000000f8000000, 0x00000000f8160d40, 0x00000000f8220000)
  from space 256K, 100% used [0x00000000f8260000, 0x00000000f82a0000, 0x00000000f82a0000)
  to   space 256K,   0% used [0x00000000f8220000, 0x00000000f8220000, 0x00000000f8260000)
 tenured generation   total 5504K, used 2471K [0x00000000faaa0000, 0x00000000fb000000, 0x0000000100000000)
   the space 5504K,  44% used [0x00000000faaa0000, 0x00000000fad09ee0, 0x00000000fad0a000, 0x00000000fb000000)
 Metaspace       used 10455K, capacity 10959K, committed 11264K, reserved 1058816K
  class space    used 1209K, capacity 1457K, committed 1536K, reserved 1048576K
GC Heap History (10 events):
Event: 1.557 GC heap before
{Heap before GC invocations=0 (full 0):
 def new generation   total 2432K, used 2176K [0x00000000f8000000, 0x00000000f82a0000, 0x00000000faaa0000)
  eden space 2176K, 100% used [0x00000000f8000000, 0x00000000f8220000, 0x00000000f8220000)
  from space 256K,   0% used [0x00000000f8220000, 0x00000000f8220000, 0x00000000f8260000)
  to   space 256K,   0% used [0x00000000f8260000, 0x00000000f8260000, 0x00000000f82a0000)
 tenured generation   total 5504K, used 0K [0x00000000faaa0000, 0x00000000fb000000, 0x0000000100000000)
   the space 5504K,   0% used [0x00000000faaa0000, 0x00000000faaa0000, 0x00000000faaa0200, 0x00000000fb000000)
 Metaspace       used 1322K, capacity 4639K, committed 4864K, reserved 1056768K
  class space    used 127K, capacity 441K, committed 512K, reserved 1048576K
}
Event: 1.611 GC heap after
{Heap after GC invocations=1 (full 0):
 def new generation   total 2432K, used 256K [0x00000000f8000000, 0x00000000f82a0000, 0x00000000faaa0000)
  eden space 2176K,   0% used [0x00000000f8000000, 0x00000000f8000000, 0x00000000f8220000)
  from space 256K, 100% used [0x00000000f8260000, 0x00000000f82a0000, 0x00000000f82a0000)
  to   space 256K,   0% used [0x00000000f8220000, 0x00000000f8220000, 0x00000000f8260000)
 tenured generation   total 5504K, used 622K [0x00000000faaa0000, 0x00000000fb000000, 0x0000000100000000)
   the space 5504K,  11% used [0x00000000faaa0000, 0x00000000fab3b810, 0x00000000fab3ba00, 0x00000000fb000000)
 Metaspace       used 1322K, capacity 4639K, committed 4864K, reserved 1056768K
  class space    used 127K, capacity 441K, committed 512K, reserved 1048576K
}
Event: 9.910 GC heap before
{Heap before GC invocations=1 (full 0):
 def new generation   total 2432K, used 2432K [0x00000000f8000000, 0x00000000f82a0000, 0x00000000faaa0000)
  eden space 2176K, 100% used [0x00000000f8000000, 0x00000000f8220000, 0x00000000f8220000)
  from space 256K, 100% used [0x00000000f8260000, 0x00000000f82a0000, 0x00000000f82a0000)
  to   space 256K,   0% used [0x00000000f8220000, 0x00000000f8220000, 0x00000000f8260000)
 tenured generation   total 5504K, used 622K [0x00000000faaa0000, 0x00000000fb000000, 0x0000000100000000)
   the space 5504K,  11% used [0x00000000faaa0000, 0x00000000fab3b810, 0x00000000fab3ba00, 0x00000000fb000000)
 Metaspace       used 4092K, capacity 4876K, committed 4992K, reserved 1056768K
  class space    used 424K, capacity 527K, committed 640K, reserved 1048576K
}
Event: 9.964 GC heap after
{Heap after GC invocations=2 (full 0):
 def new generation   total 2432K, used 255K [0x00000000f8000000, 0x00000000f82a0000, 0x00000000faaa0000)
  eden space 2176K,   0% used [0x00000000f8000000, 0x00000000f8000000, 0x00000000f8220000)
  from space 256K,  99% used [0x00000000f8220000, 0x00000000f825fff8, 0x00000000f8260000)
  to   space 256K,   0% used [0x00000000f8260000, 0x00000000f8260000, 0x00000000f82a0000)
 tenured generation   total 5504K, used 1066K [0x00000000faaa0000, 0x00000000fb000000, 0x0000000100000000)
   the space 5504K,  19% used [0x00000000faaa0000, 0x00000000fabaaa40, 0x00000000fabaac00, 0x00000000fb000000)
 Metaspace       used 4092K, capacity 4876K, committed 4992K, reserved 1056768K
  class space    used 424K, capacity 527K, committed 640K, reserved 1048576K
}
Event: 10.633 GC heap before
{Heap before GC invocations=2 (full 0):
 def new generation   total 2432K, used 2431K [0x00000000f8000000, 0x00000000f82a0000, 0x00000000faaa0000)
  eden space 2176K, 100% used [0x00000000f8000000, 0x00000000f8220000, 0x00000000f8220000)
  from space 256K,  99% used [0x00000000f8220000, 0x00000000f825fff8, 0x00000000f8260000)
  to   space 256K,   0% used [0x00000000f8260000, 0x00000000f8260000, 0x00000000f82a0000)
 tenured generation   total 5504K, used 1066K [0x00000000faaa0000, 0x00000000fb000000, 0x0000000100000000)
   the space 5504K,  19% used [0x00000000faaa0000, 0x00000000fabaaa40, 0x00000000fabaac00, 0x00000000fb000000)
 Metaspace       used 5718K, capacity 6015K, committed 6272K, reserved 1056768K
  class space    used 638K, capacity 789K, committed 896K, reserved 1048576K
}
Event: 10.637 GC heap after
{Heap after GC invocations=3 (full 0):
 def new generation   total 2432K, used 256K [0x00000000f8000000, 0x00000000f82a0000, 0x00000000faaa0000)
  eden space 2176K,   0% used [0x00000000f8000000, 0x00000000f8000000, 0x00000000f8220000)
  from space 256K, 100% used [0x00000000f8260000, 0x00000000f82a0000, 0x00000000f82a0000)
  to   space 256K,   0% used [0x00000000f8220000, 0x00000000f8220000, 0x00000000f8260000)
 tenured generation   total 5504K, used 1459K [0x00000000faaa0000, 0x00000000fb000000, 0x0000000100000000)
   the space 5504K,  26% used [0x00000000faaa0000, 0x00000000fac0cf30, 0x00000000fac0d000, 0x00000000fb000000)
 Metaspace       used 5718K, capacity 6015K, committed 6272K, reserved 1056768K
  class space    used 638K, capacity 789K, committed 896K, reserved 1048576K
}
Event: 11.614 GC heap before
{Heap before GC invocations=3 (full 0):
 def new generation   total 2432K, used 2432K [0x00000000f8000000, 0x00000000f82a0000, 0x00000000faaa0000)
  eden space 2176K, 100% used [0x00000000f8000000, 0x00000000f8220000, 0x00000000f8220000)
  from space 256K, 100% used [0x00000000f8260000, 0x00000000f82a0000, 0x00000000f82a0000)
  to   space 256K,   0% used [0x00000000f8220000, 0x00000000f8220000, 0x00000000f8260000)
 tenured generation   total 5504K, used 1459K [0x00000000faaa0000, 0x00000000fb000000, 0x0000000100000000)
   the space 5504K,  26% used [0x00000000faaa0000, 0x00000000fac0cf30, 0x00000000fac0d000, 0x00000000fb000000)
 Metaspace       used 8900K, capacity 9243K, committed 9472K, reserved 1056768K
  class space    used 1021K, capacity 1205K, committed 1280K, reserved 1048576K
}
Event: 11.641 GC heap after
{Heap after GC invocations=4 (full 0):
 def new generation   total 2432K, used 256K [0x00000000f8000000, 0x00000000f82a0000, 0x00000000faaa0000)
  eden space 2176K,   0% used [0x00000000f8000000, 0x00000000f8000000, 0x00000000f8220000)
  from space 256K, 100% used [0x00000000f8220000, 0x00000000f8260000, 0x00000000f8260000)
  to   space 256K,   0% used [0x00000000f8260000, 0x00000000f8260000, 0x00000000f82a0000)
 tenured generation   total 5504K, used 1908K [0x00000000faaa0000, 0x00000000fb000000, 0x0000000100000000)
   the space 5504K,  34% used [0x00000000faaa0000, 0x00000000fac7d378, 0x00000000fac7d400, 0x00000000fb000000)
 Metaspace       used 8900K, capacity 9243K, committed 9472K, reserved 1056768K
  class space    used 1021K, capacity 1205K, committed 1280K, reserved 1048576K
}
Event: 12.876 GC heap before
{Heap before GC invocations=4 (full 0):
 def new generation   total 2432K, used 2432K [0x00000000f8000000, 0x00000000f82a0000, 0x00000000faaa0000)
  eden space 2176K, 100% used [0x00000000f8000000, 0x00000000f8220000, 0x00000000f8220000)
  from space 256K, 100% used [0x00000000f8220000, 0x00000000f8260000, 0x00000000f8260000)
  to   space 256K,   0% used [0x00000000f8260000, 0x00000000f8260000, 0x00000000f82a0000)
 tenured generation   total 5504K, used 1908K [0x00000000faaa0000, 0x00000000fb000000, 0x0000000100000000)
   the space 5504K,  34% used [0x00000000faaa0000, 0x00000000fac7d378, 0x00000000fac7d400, 0x00000000fb000000)
 Metaspace       used 9614K, capacity 10043K, committed 10368K, reserved 1058816K
  class space    used 1120K, capacity 1344K, committed 1408K, reserved 1048576K
}
Event: 12.884 GC heap after
{Heap after GC invocations=5 (full 0):
 def new generation   total 2432K, used 256K [0x00000000f8000000, 0x00000000f82a0000, 0x00000000faaa0000)
  eden space 2176K,   0% used [0x00000000f8000000, 0x00000000f8000000, 0x00000000f8220000)
  from space 256K, 100% used [0x00000000f8260000, 0x00000000f82a0000, 0x00000000f82a0000)
  to   space 256K,   0% used [0x00000000f8220000, 0x00000000f8220000, 0x00000000f8260000)
 tenured generation   total 5504K, used 2471K [0x00000000faaa0000, 0x00000000fb000000, 0x0000000100000000)
   the space 5504K,  44% used [0x00000000faaa0000, 0x00000000fad09ee0, 0x00000000fad0a000, 0x00000000fb000000)
 Metaspace       used 9614K, capacity 10043K, committed 10368K, reserved 1058816K
  class space    used 1120K, capacity 1344K, committed 1408K, reserved 1048576K
}

